[debug] [2021-10-16T00:42:22.725Z] ----------------------------------------------------------------------
[debug] [2021-10-16T00:42:22.728Z] Command:       C:\Program Files\nodejs\node.exe C:\Users\juan2\AppData\Roaming\npm\node_modules\firebase-tools\lib\bin\firebase.js functions:shell
[debug] [2021-10-16T00:42:22.728Z] CLI Version:   9.20.0
[debug] [2021-10-16T00:42:22.728Z] Platform:      win32
[debug] [2021-10-16T00:42:22.728Z] Node Version:  v15.5.0
[debug] [2021-10-16T00:42:22.740Z] Time:          Fri Oct 15 2021 17:42:22 GMT-0700 (GMT-07:00)
[debug] [2021-10-16T00:42:22.740Z] ----------------------------------------------------------------------
[debug] 
[debug] [2021-10-16T00:42:22.744Z] >>> [apiv2][query] GET https://firebase-public.firebaseio.com/cli.json [none]
[debug] [2021-10-16T00:42:22.828Z] > command requires scopes: ["email","openid","https://www.googleapis.com/auth/cloudplatformprojects.readonly","https://www.googleapis.com/auth/firebase","https://www.googleapis.com/auth/cloud-platform"]
[debug] [2021-10-16T00:42:22.829Z] > authorizing via signed-in user (juan.2007@gmail.com)
[debug] [2021-10-16T00:42:22.829Z] [iam] checking project web-1-bd9f8 for permissions ["firebase.projects.get"]
[debug] [2021-10-16T00:42:22.830Z] > refreshing access token with scopes: ["email","https://www.googleapis.com/auth/cloud-platform","https://www.googleapis.com/auth/cloudplatformprojects.readonly","https://www.googleapis.com/auth/firebase","openid"]
[debug] [2021-10-16T00:42:22.830Z] >>> HTTP REQUEST POST https://www.googleapis.com/oauth2/v3/token  
 <request body omitted>
[debug] [2021-10-16T00:42:23.007Z] <<< HTTP RESPONSE 200 {"cache-control":"no-cache, no-store, max-age=0, must-revalidate","date":"Sat, 16 Oct 2021 00:42:20 GMT","pragma":"no-cache","expires":"Mon, 01 Jan 1990 00:00:00 GMT","content-type":"application/json; charset=utf-8","vary":"X-Origin, Referer, Origin,Accept-Encoding","server":"scaffolding on HTTPServer2","x-xss-protection":"0","x-frame-options":"SAMEORIGIN","x-content-type-options":"nosniff","alt-svc":"h3=\":443\"; ma=2592000,h3-29=\":443\"; ma=2592000,h3-T051=\":443\"; ma=2592000,h3-Q050=\":443\"; ma=2592000,h3-Q046=\":443\"; ma=2592000,h3-Q043=\":443\"; ma=2592000,quic=\":443\"; ma=2592000; v=\"46,43\"","accept-ranges":"none","transfer-encoding":"chunked"}
[debug] [2021-10-16T00:42:23.024Z] >>> HTTP REQUEST POST https://cloudresourcemanager.googleapis.com/v1/projects/web-1-bd9f8:testIamPermissions  
 {"permissions":["firebase.projects.get"]}
[debug] [2021-10-16T00:42:24.852Z] <<< HTTP RESPONSE 200 {"content-type":"application/json; charset=UTF-8","vary":"X-Origin, Referer, Origin,Accept-Encoding","date":"Sat, 16 Oct 2021 00:42:22 GMT","server":"ESF","cache-control":"private","x-xss-protection":"0","x-frame-options":"SAMEORIGIN","x-content-type-options":"nosniff","server-timing":"gfet4t7; dur=92","alt-svc":"h3=\":443\"; ma=2592000,h3-29=\":443\"; ma=2592000,h3-T051=\":443\"; ma=2592000,h3-Q050=\":443\"; ma=2592000,h3-Q046=\":443\"; ma=2592000,h3-Q043=\":443\"; ma=2592000,quic=\":443\"; ma=2592000; v=\"46,43\"","accept-ranges":"none","transfer-encoding":"chunked"}
[debug] [2021-10-16T00:42:24.878Z] <<< [apiv2][status] GET https://firebase-public.firebaseio.com/cli.json 200
[debug] [2021-10-16T00:42:24.879Z] <<< [apiv2][body] GET https://firebase-public.firebaseio.com/cli.json {"cloudBuildErrorAfter":1594252800000,"cloudBuildWarnAfter":1590019200000,"defaultNode10After":1594252800000,"minVersion":"3.0.5","node8DeploysDisabledAfter":1613390400000,"node8RuntimeDisabledAfter":1615809600000,"node8WarnAfter":1600128000000}
[warn] !  Your requested "node" version "14" doesn't match your global version "15" {"metadata":{"emulator":{"name":"functions"},"message":"Your requested \"node\" version \"14\" doesn't match your global version \"15\""}}
[debug] [2021-10-16T00:42:24.896Z] defaultcredentials: writing to file C:\Users\juan2\AppData\Roaming\firebase\juan_2007_gmail.com_application_default_credentials.json
[debug] [2021-10-16T00:42:24.897Z] DEBUG: Setting GAC to C:\Users\juan2\AppData\Roaming\firebase\juan_2007_gmail.com_application_default_credentials.json
[debug] [2021-10-16T00:42:24.898Z] > refreshing access token with scopes: []
[debug] [2021-10-16T00:42:24.898Z] >>> HTTP REQUEST POST https://www.googleapis.com/oauth2/v3/token  
 <request body omitted>
[debug] [2021-10-16T00:42:25.021Z] <<< HTTP RESPONSE 200 {"date":"Sat, 16 Oct 2021 00:42:22 GMT","expires":"Mon, 01 Jan 1990 00:00:00 GMT","pragma":"no-cache","cache-control":"no-cache, no-store, max-age=0, must-revalidate","content-type":"application/json; charset=utf-8","vary":"X-Origin, Referer, Origin,Accept-Encoding","server":"scaffolding on HTTPServer2","x-xss-protection":"0","x-frame-options":"SAMEORIGIN","x-content-type-options":"nosniff","alt-svc":"h3=\":443\"; ma=2592000,h3-29=\":443\"; ma=2592000,h3-T051=\":443\"; ma=2592000,h3-Q050=\":443\"; ma=2592000,h3-Q046=\":443\"; ma=2592000,h3-Q043=\":443\"; ma=2592000,quic=\":443\"; ma=2592000; v=\"46,43\"","accept-ranges":"none","transfer-encoding":"chunked"}
[debug] [2021-10-16T00:42:25.039Z] >>> [apiv2][query] GET https://firebase.googleapis.com/v1beta1/projects/web-1-bd9f8/adminSdkConfig [none]
[debug] [2021-10-16T00:42:26.804Z] <<< [apiv2][status] GET https://firebase.googleapis.com/v1beta1/projects/web-1-bd9f8/adminSdkConfig 200
[debug] [2021-10-16T00:42:26.804Z] <<< [apiv2][body] GET https://firebase.googleapis.com/v1beta1/projects/web-1-bd9f8/adminSdkConfig {"projectId":"web-1-bd9f8","storageBucket":"web-1-bd9f8.appspot.com","locationId":"us-central"}
[debug] [2021-10-16T00:42:26.815Z] [functions] Watching "C:\Proyectos React\temp_services\tempser\functions" for Cloud Functions...
[debug] [2021-10-16T00:42:26.828Z] DEBUG: [worker-pool] addWorker(~diagnostic~)
[debug] [2021-10-16T00:42:26.828Z] DEBUG: [worker-pool] Adding worker with key ~diagnostic~, total=1
[debug] [2021-10-16T00:42:26.829Z] DEBUG: [worker-pool] submitWork(triggerId=)
[debug] [2021-10-16T00:42:26.829Z] DEBUG: [worker-~diagnostic~-744e1422-885f-44ab-acd5-136421bb878c]: Assigning socketPath: \\?\pipe\C:\Proyectos React\temp_services\tempser\functions\3500
[debug] [2021-10-16T00:42:26.829Z] DEBUG: [worker-~diagnostic~-744e1422-885f-44ab-acd5-136421bb878c]: BUSY
[debug] [2021-10-16T00:42:26.996Z] DEBUG: [runtime-status] [3500] Functions runtime initialized. {"cwd":"C:\\Proyectos React\\temp_services\\tempser\\functions","node_version":"15.5.0"}
[debug] [2021-10-16T00:42:26.997Z] DEBUG: [runtime-status] [3500] Disabled runtime features: undefined
[debug] [2021-10-16T00:42:27.003Z] DEBUG: [runtime-status] [3500] Resolved module firebase-admin {"declared":true,"installed":true,"version":"9.12.0","resolution":"C:\\Proyectos React\\temp_services\\tempser\\functions\\node_modules\\firebase-admin\\lib\\index.js"}
[debug] [2021-10-16T00:42:27.007Z] DEBUG: [runtime-status] [3500] Resolved module firebase-functions {"declared":true,"installed":true,"version":"3.15.7","resolution":"C:\\Proyectos React\\temp_services\\tempser\\functions\\node_modules\\firebase-functions\\lib\\index.js"}
[debug] [2021-10-16T00:42:27.009Z] DEBUG: [runtime-status] [3500] Outgoing network have been stubbed. [{"name":"http","status":"mocked"},{"name":"http","status":"mocked"},{"name":"https","status":"mocked"},{"name":"https","status":"mocked"},{"name":"net","status":"mocked"}]
[debug] [2021-10-16T00:42:27.010Z] DEBUG: [runtime-status] [3500] Resolved module firebase-functions {"declared":true,"installed":true,"version":"3.15.7","resolution":"C:\\Proyectos React\\temp_services\\tempser\\functions\\node_modules\\firebase-functions\\lib\\index.js"}
[debug] [2021-10-16T00:42:27.101Z] DEBUG: [runtime-status] [3500] Checked functions.config() {"config":{}}
[debug] [2021-10-16T00:42:27.102Z] DEBUG: [runtime-status] [3500] firebase-functions has been stubbed. {"functionsResolution":{"declared":true,"installed":true,"version":"3.15.7","resolution":"C:\\Proyectos React\\temp_services\\tempser\\functions\\node_modules\\firebase-functions\\lib\\index.js"}}
[debug] [2021-10-16T00:42:27.102Z] DEBUG: [runtime-status] [3500] Resolved module firebase-functions {"declared":true,"installed":true,"version":"3.15.7","resolution":"C:\\Proyectos React\\temp_services\\tempser\\functions\\node_modules\\firebase-functions\\lib\\index.js"}
[debug] [2021-10-16T00:42:27.104Z] DEBUG: [runtime-status] [3500] Resolved module firebase-admin {"declared":true,"installed":true,"version":"9.12.0","resolution":"C:\\Proyectos React\\temp_services\\tempser\\functions\\node_modules\\firebase-admin\\lib\\index.js"}
[debug] [2021-10-16T00:42:27.104Z] DEBUG: [runtime-status] [3500] Resolved module firebase-functions {"declared":true,"installed":true,"version":"3.15.7","resolution":"C:\\Proyectos React\\temp_services\\tempser\\functions\\node_modules\\firebase-functions\\lib\\index.js"}
[debug] [2021-10-16T00:42:27.104Z] DEBUG: [runtime-status] [3500] firebase-admin has been stubbed. {"adminResolution":{"declared":true,"installed":true,"version":"9.12.0","resolution":"C:\\Proyectos React\\temp_services\\tempser\\functions\\node_modules\\firebase-admin\\lib\\index.js"}}
[debug] [2021-10-16T00:42:27.532Z] [functions[us-central1-app]] http function initialized (http://localhost:5000/web-1-bd9f8/us-central1/app).
[info] i  functions: Loaded functions: app 
[warn] !  functions: The following emulators are not running, calls to these services will affect production: firestore, database, pubsub, storage 
[info] >  server works graaaat on port 80 {"user":"server works graaaat on port 80","metadata":{"emulator":{"name":"functions"},"message":"\u001b[90m> \u001b[39m server works graaaat on port 80"}}
[debug] [2021-10-16T00:42:27.559Z] DEBUG: [worker-~diagnostic~-744e1422-885f-44ab-acd5-136421bb878c]: IDLE
